/users/eleves-b/2022/edouard.rabasse/Documents/INF473V-challenge-1/generate.py:7: UserWarning: 
The version_base parameter is not specified.
Please specify a compatability version level, or None.
Will assume defaults for version 1.1
  @hydra.main(config_path="configs/generate", config_name="config")
/users/eleves-b/2022/edouard.rabasse/.local/lib/python3.9/site-packages/hydra/_internal/defaults_list.py:251: UserWarning: In 'config': Defaults list is missing `_self_`. See https://hydra.cc/docs/1.2/upgrades/1.0_to_1.1/default_composition_order for more information
  warnings.warn(msg, UserWarning)
2024-05-05 22:39:59.898329: I tensorflow/core/platform/cpu_feature_guard.cc:210] This TensorFlow binary is optimized to use available CPU instructions in performance-critical operations.
To enable the following instructions: AVX2 FMA, in other operations, rebuild TensorFlow with the appropriate compiler flags.
2024-05-05 22:40:01.079069: W tensorflow/compiler/tf2tensorrt/utils/py_utils.cc:38] TF-TRT Warning: Could not find TensorRT
/users/eleves-b/2022/edouard.rabasse/.local/lib/python3.9/site-packages/diffusers/configuration_utils.py:244: FutureWarning: It is deprecated to pass a pretrained model name or path to `from_config`.If you were trying to load a model, please use <class 'diffusers.models.unets.unet_2d_condition.UNet2DConditionModel'>.load_config(...) followed by <class 'diffusers.models.unets.unet_2d_condition.UNet2DConditionModel'>.from_config(...) instead. Otherwise, please make sure to pass a configuration dictionary instead. This functionality will be removed in v1.0.0.
  deprecate("config-passed-as-path", "1.0.0", deprecation_message, standard_warn=False)
Traceback (most recent call last):
  File "/users/eleves-b/2022/edouard.rabasse/Documents/INF473V-challenge-1/generate.py", line 19, in <module>
    generate()
  File "/users/eleves-b/2022/edouard.rabasse/.local/lib/python3.9/site-packages/hydra/main.py", line 94, in decorated_main
    _run_hydra(
  File "/users/eleves-b/2022/edouard.rabasse/.local/lib/python3.9/site-packages/hydra/_internal/utils.py", line 394, in _run_hydra
    _run_app(
  File "/users/eleves-b/2022/edouard.rabasse/.local/lib/python3.9/site-packages/hydra/_internal/utils.py", line 457, in _run_app
    run_and_report(
  File "/users/eleves-b/2022/edouard.rabasse/.local/lib/python3.9/site-packages/hydra/_internal/utils.py", line 220, in run_and_report
    return func()
  File "/users/eleves-b/2022/edouard.rabasse/.local/lib/python3.9/site-packages/hydra/_internal/utils.py", line 458, in <lambda>
    lambda: hydra.run(
  File "/users/eleves-b/2022/edouard.rabasse/.local/lib/python3.9/site-packages/hydra/_internal/hydra.py", line 119, in run
    ret = run_job(
  File "/users/eleves-b/2022/edouard.rabasse/.local/lib/python3.9/site-packages/hydra/core/utils.py", line 186, in run_job
    ret.return_value = task_function(task_cfg)
  File "/users/eleves-b/2022/edouard.rabasse/Documents/INF473V-challenge-1/generate.py", line 9, in generate
    dataset_generator = hydra.utils.instantiate(cfg.dataset_generator)
  File "/users/eleves-b/2022/edouard.rabasse/.local/lib/python3.9/site-packages/hydra/_internal/instantiate/_instantiate2.py", line 226, in instantiate
    return instantiate_node(
  File "/users/eleves-b/2022/edouard.rabasse/.local/lib/python3.9/site-packages/hydra/_internal/instantiate/_instantiate2.py", line 342, in instantiate_node
    value = instantiate_node(
  File "/users/eleves-b/2022/edouard.rabasse/.local/lib/python3.9/site-packages/hydra/_internal/instantiate/_instantiate2.py", line 347, in instantiate_node
    return _call_target(_target_, partial, args, kwargs, full_key)
  File "/users/eleves-b/2022/edouard.rabasse/.local/lib/python3.9/site-packages/hydra/_internal/instantiate/_instantiate2.py", line 92, in _call_target
    return _target_(*args, **kwargs)
  File "/users/eleves-b/2022/edouard.rabasse/Documents/INF473V-challenge-1/generators/sdxl_lightning.py", line 21, in __init__
    unet = UNet2DConditionModel.from_config(base, subfolder="unet").to(
  File "/users/eleves-b/2022/edouard.rabasse/.local/lib/python3.9/site-packages/diffusers/configuration_utils.py", line 259, in from_config
    model = cls(**init_dict)
  File "/users/eleves-b/2022/edouard.rabasse/.local/lib/python3.9/site-packages/diffusers/configuration_utils.py", line 653, in inner_init
    init(self, *args, **init_kwargs)
  File "/users/eleves-b/2022/edouard.rabasse/.local/lib/python3.9/site-packages/diffusers/models/unets/unet_2d_condition.py", line 433, in __init__
    up_block = get_up_block(
  File "/users/eleves-b/2022/edouard.rabasse/.local/lib/python3.9/site-packages/diffusers/models/unets/unet_2d_blocks.py", line 398, in get_up_block
    return CrossAttnUpBlock2D(
  File "/users/eleves-b/2022/edouard.rabasse/.local/lib/python3.9/site-packages/diffusers/models/unets/unet_2d_blocks.py", line 2438, in __init__
    Transformer2DModel(
  File "/users/eleves-b/2022/edouard.rabasse/.local/lib/python3.9/site-packages/diffusers/configuration_utils.py", line 653, in inner_init
    init(self, *args, **init_kwargs)
  File "/users/eleves-b/2022/edouard.rabasse/.local/lib/python3.9/site-packages/diffusers/models/transformers/transformer_2d.py", line 198, in __init__
    [
  File "/users/eleves-b/2022/edouard.rabasse/.local/lib/python3.9/site-packages/diffusers/models/transformers/transformer_2d.py", line 199, in <listcomp>
    BasicTransformerBlock(
  File "/users/eleves-b/2022/edouard.rabasse/.local/lib/python3.9/site-packages/diffusers/models/attention.py", line 257, in __init__
    self.ff = FeedForward(
  File "/users/eleves-b/2022/edouard.rabasse/.local/lib/python3.9/site-packages/diffusers/models/attention.py", line 644, in __init__
    act_fn = GEGLU(dim, inner_dim, bias=bias)
  File "/users/eleves-b/2022/edouard.rabasse/.local/lib/python3.9/site-packages/diffusers/models/activations.py", line 89, in __init__
    self.proj = nn.Linear(dim_in, dim_out * 2, bias=bias)
  File "/users/eleves-b/2022/edouard.rabasse/.local/lib/python3.9/site-packages/torch/nn/modules/linear.py", line 103, in __init__
    self.reset_parameters()
  File "/users/eleves-b/2022/edouard.rabasse/.local/lib/python3.9/site-packages/torch/nn/modules/linear.py", line 109, in reset_parameters
    init.kaiming_uniform_(self.weight, a=math.sqrt(5))
  File "/users/eleves-b/2022/edouard.rabasse/.local/lib/python3.9/site-packages/torch/nn/init.py", line 459, in kaiming_uniform_
    return tensor.uniform_(-bound, bound, generator=generator)
KeyboardInterrupt
